<?xml version="1.0" encoding="UTF-8"?>
<testsuite name="com.joechang.kursor.commands.YelpSMSBodyProcessorTest" tests="2" skipped="0" failures="0" errors="0" timestamp="2015-10-28T23:38:28" hostname="JCT440s" time="0.014">
  <properties/>
  <testcase name="testMatch" classname="com.joechang.kursor.commands.YelpSMSBodyProcessorTest" time="0.005"/>
  <testcase name="testRegex" classname="com.joechang.kursor.commands.YelpSMSBodyProcessorTest" time="0.005"/>
  <system-out><![CDATA[]]></system-out>
  <system-err><![CDATA[]]></system-err>
</testsuite>
