<?xml version="1.0" encoding="UTF-8"?>
<testsuite name="com.joechang.kursor.commands.OpenTableCliBodyProcessorTest" tests="4" skipped="0" failures="0" errors="0" timestamp="2015-10-28T23:38:28" hostname="JCT440s" time="0.009">
  <properties/>
  <testcase name="testRegexForWhere" classname="com.joechang.kursor.commands.OpenTableCliBodyProcessorTest" time="0.001"/>
  <testcase name="testRegexForPartySize" classname="com.joechang.kursor.commands.OpenTableCliBodyProcessorTest" time="0.001"/>
  <testcase name="testRegexForWhen" classname="com.joechang.kursor.commands.OpenTableCliBodyProcessorTest" time="0.001"/>
  <testcase name="testRegexForSearchString" classname="com.joechang.kursor.commands.OpenTableCliBodyProcessorTest" time="0.001"/>
  <system-out><![CDATA[]]></system-out>
  <system-err><![CDATA[]]></system-err>
</testsuite>
